// 重构日志: 4706868a
// 重构日志: 67b6abf3
// 重构日志: ac7615a8
// 重构日志: bfeefa4b
// 重构日志: bc46697a
// 同步 ID: 6c9952f0 @ Thu Jun 18 13:03:27 UTC 2026
// 同步 ID: bea2691d @ Sun Jun 21 18:04:55 UTC 2026
// 重构日志: 70d4dbe2
// 重构日志: d633bbf6
// 重构日志: 19b9bbd9
// 重构日志: 1e71c4da
// 同步 ID: 35ffea89 @ Mon Jun 29 22:05:11 UTC 2026
// 重构日志: 683f51f5
// 重构日志: b8f95eb9
// 同步 ID: 8b4adb2e @ Thu Jul  2 16:35:51 UTC 2026
// 重构日志: 9afe6c2b
// 重构日志: 34744112
// 重构日志: e81cd93d
// 同步 ID: 9684247d @ Sat Jul  4 16:21:22 UTC 2026
// 同步 ID: bcf745d1 @ Sun Jul  5 11:33:20 UTC 2026
// 同步 ID: f60ebbdc @ Tue Jul  7 04:47:30 UTC 2026
// 同步 ID: f06cafcd @ Wed Jul  8 00:45:03 UTC 2026
// 同步 ID: a187e0ee @ Wed Jul  8 04:20:11 UTC 2026
// 同步 ID: 3a8bee3f @ Wed Jul  8 15:41:41 UTC 2026
// 同步 ID: 2882e480 @ Fri Jul 10 15:51:43 UTC 2026
// 重构日志: 82f05ddb
// 同步 ID: 7deee033 @ Sat Jul 11 12:14:53 UTC 2026
